2020-03-26 13:09:17,668 INFO  [Demo QA] Browser opened 
2020-03-26 13:09:17,701 INFO  [Demo QA] in constructor 
2020-03-26 13:09:22,899 INFO  [Demo QA] testcase passed 
2020-03-26 13:09:25,104 INFO  [Demo QA] in Register Demo constructor 
2020-03-26 13:09:29,592 INFO  [Demo QA] in Register Demo constructor 
2020-03-26 13:09:29,622 INFO  [Demo QA] browser quit 
2020-03-26 13:13:53,955 INFO  [Demo QA] Browser opened 
2020-03-26 13:13:53,999 INFO  [Demo QA] in constructor 
2020-03-26 13:14:02,372 INFO  [Demo QA] testcase passed 
2020-03-26 13:14:09,167 INFO  [Demo QA] in Register Demo constructor 
2020-03-26 13:14:14,440 INFO  [Demo QA] in Register Demo constructor 
2020-03-26 13:14:14,541 INFO  [Demo QA] browser quit 
2020-03-26 13:19:09,255 INFO  [Demo QA] Browser opened 
2020-03-26 13:19:09,355 INFO  [Demo QA] in constructor 
2020-03-26 13:19:30,754 INFO  [Demo QA] testcase passed 
2020-03-26 13:20:43,405 INFO  [Demo QA] Browser opened 
2020-03-26 13:20:43,495 INFO  [Demo QA] in constructor 
2020-03-26 13:20:51,173 INFO  [Demo QA] testcase passed 
2020-03-26 13:20:59,634 INFO  [Demo QA] browser quit 
2020-03-26 13:26:42,164 INFO  [Demo QA] Browser opened 
2020-03-26 13:26:42,225 INFO  [Demo QA] in constructor 
2020-03-26 13:26:46,893 INFO  [Demo QA] testcase passed 
2020-03-26 13:26:54,460 INFO  [Demo QA] in Register Demo constructor 
2020-03-26 13:26:57,671 INFO  [Demo QA] in date 
2020-03-26 13:26:57,712 INFO  [Demo QA] in Register Demo constructor 
2020-03-26 13:26:57,775 INFO  [Demo QA] browser quit 
2020-03-26 13:30:04,030 INFO  [Demo QA] Browser opened 
2020-03-26 13:30:04,107 INFO  [Demo QA] in constructor 
2020-03-26 13:30:08,749 INFO  [Demo QA] testcase passed 
2020-03-26 13:30:16,558 INFO  [Demo QA] in Register Demo constructor 
2020-03-26 13:30:19,163 INFO  [Demo QA] in date 
2020-03-26 13:30:29,378 INFO  [Demo QA] in Register Demo constructor 
2020-03-26 13:30:29,440 INFO  [Demo QA] browser quit 
2020-03-26 13:55:56,268 INFO  [Demo QA] Browser opened 
2020-03-26 13:55:56,291 INFO  [Demo QA] in constructor 
2020-03-26 13:56:03,245 INFO  [Demo QA] testcase passed 
2020-03-26 13:56:06,278 INFO  [Demo QA] in Register Demo constructor 
2020-03-26 13:56:09,456 INFO  [Demo QA] in date 
2020-03-26 13:56:16,507 INFO  [Demo QA] in Register Demo constructor 
2020-03-26 13:56:16,715 INFO  [Demo QA] browser quit 
2020-03-26 14:05:33,805 INFO  [Demo QA] Browser opened 
2020-03-26 14:05:33,837 INFO  [Demo QA] in constructor 
2020-03-26 14:05:46,897 INFO  [Demo QA] testcase passed 
2020-03-26 14:05:49,636 INFO  [Demo QA] in Register Demo constructor 
2020-03-26 14:05:52,311 INFO  [Demo QA] in date 
2020-03-26 14:05:53,299 INFO  [Demo QA] testcase passed 
2020-03-26 14:05:53,706 INFO  [Demo QA] in Register Demo constructor 
2020-03-26 14:05:53,728 INFO  [Demo QA] browser quit 
2020-03-26 14:08:26,641 INFO  [Demo QA] Browser opened 
2020-03-26 14:08:26,701 INFO  [Demo QA] in constructor 
2020-03-26 14:08:29,617 INFO  [Demo QA] testcase passed 
2020-03-26 14:08:32,576 INFO  [Demo QA] in Register Demo constructor 
2020-03-26 14:08:35,300 INFO  [Demo QA] in date 
2020-03-26 14:08:36,254 INFO  [Demo QA] testcase passed 
2020-03-26 14:08:36,666 INFO  [Demo QA] in Register Demo constructor 
2020-03-26 14:08:36,688 INFO  [Demo QA] browser quit 
2020-03-26 14:11:46,620 INFO  [Demo QA] Browser opened 
2020-03-26 14:11:46,672 INFO  [Demo QA] in constructor 
2020-03-26 14:11:51,800 INFO  [Demo QA] testcase passed 
2020-03-26 14:11:53,908 INFO  [Demo QA] in Register Demo constructor 
2020-03-26 14:11:58,739 INFO  [Demo QA] in date 
2020-03-26 14:11:59,816 INFO  [Demo QA] testcase passed 
2020-03-26 14:12:00,220 INFO  [Demo QA] in Register Demo constructor 
2020-03-26 14:12:01,377 INFO  [Demo QA] browser quit 
2020-03-26 15:14:58,599 INFO  [Demo QA] Browser opened 
2020-03-26 15:15:00,004 INFO  [Demo QA] in constructor 
2020-03-26 15:15:04,338 INFO  [Demo QA] in Register Demo constructor 
2020-03-26 15:15:05,610 INFO  [Demo QA] in date 
2020-03-26 15:15:06,930 INFO  [Demo QA] testcase passed 
2020-03-26 15:15:14,344 INFO  [Demo QA] in constructor 
2020-03-26 15:15:25,542 INFO  [Demo QA] browser quit 
2020-03-27 10:44:29,136 INFO  [Demo QA] Browser opened 
2020-03-27 10:44:29,232 INFO  [Demo QA] in constructor 
2020-03-27 10:44:35,415 INFO  [Demo QA] testcase passed 
2020-03-27 10:44:36,786 INFO  [Demo QA] browser quit 
2020-03-27 11:26:44,390 INFO  [Demo QA] Browser opened 
2020-03-27 11:26:44,435 INFO  [Demo QA] in constructor 
2020-03-27 11:26:47,514 INFO  [Demo QA] testcase passed 
2020-03-27 11:26:48,911 INFO  [Demo QA] browser quit 
2020-03-27 12:07:06,252 INFO  [Demo QA] Browser opened 
2020-03-27 12:07:06,269 INFO  [Demo QA] in constructor 
2020-03-27 12:07:16,090 INFO  [Demo QA] testcase passed 
2020-03-27 12:07:17,271 INFO  [Demo QA] browser quit 
2020-03-27 12:10:02,077 INFO  [Demo QA] Browser opened 
2020-03-27 12:10:02,099 INFO  [Demo QA] in constructor 
2020-03-27 12:10:07,134 INFO  [Demo QA] testcase passed 
2020-03-27 12:10:08,879 INFO  [Demo QA] browser quit 
2020-03-27 12:12:29,069 INFO  [Demo QA] Browser opened 
2020-03-27 12:12:29,092 INFO  [Demo QA] in constructor 
2020-03-27 12:12:32,975 INFO  [Demo QA] testcase passed 
2020-03-27 12:12:34,688 INFO  [Demo QA] browser quit 
2020-03-27 13:03:24,439 INFO  [Demo QA] Browser opened 
2020-03-27 13:03:24,485 INFO  [Demo QA] in constructor 
2020-03-27 13:03:30,117 INFO  [Demo QA] testcase passed 
2020-03-27 13:03:32,643 INFO  [Demo QA] browser quit 
2020-03-27 13:08:06,627 INFO  [Demo QA] Browser opened 
2020-03-27 13:08:06,683 INFO  [Demo QA] in constructor 
2020-03-27 13:08:12,102 INFO  [Demo QA] testcase passed 
2020-03-27 13:08:13,950 INFO  [Demo QA] browser quit 
2020-03-27 13:14:46,142 INFO  [Demo QA] Browser opened 
2020-03-27 13:14:46,186 INFO  [Demo QA] in constructor 
2020-03-27 13:14:57,402 INFO  [Demo QA] testcase passed 
2020-03-27 13:14:59,366 INFO  [Demo QA] browser quit 
2020-03-27 16:54:54,550 INFO  [Demo QA] Browser opened 
2020-03-27 16:54:54,730 INFO  [Demo QA] in constructor 
2020-03-27 16:55:00,154 INFO  [Demo QA] testcase passed 
2020-03-27 16:55:02,621 INFO  [Demo QA] browser quit 
2020-03-29 11:33:47,593 INFO  [Demo QA] Browser opened 
2020-03-29 11:33:47,756 INFO  [Demo QA] in constructor 
2020-03-29 11:33:57,544 INFO  [Demo QA] testcase passed 
2020-03-29 11:34:00,279 INFO  [Demo QA] browser quit 
2020-03-29 13:18:49,893 INFO  [Demo QA] Browser opened 
2020-03-29 13:18:50,121 INFO  [Demo QA] in constructor 
2020-03-29 13:18:54,190 INFO  [Demo QA] testcase passed 
2020-03-29 13:18:55,739 INFO  [Demo QA] browser quit 
2020-03-29 13:43:03,402 INFO  [Demo QA] Browser opened 
2020-03-29 13:43:03,781 INFO  [Demo QA] in constructor 
2020-03-29 13:43:13,138 INFO  [Demo QA] testcase passed 
2020-03-29 13:43:15,440 INFO  [Demo QA] browser quit 
2020-03-29 13:45:06,106 INFO  [Demo QA] Browser opened 
2020-03-29 13:45:06,131 INFO  [Demo QA] in constructor 
2020-03-29 13:45:10,893 INFO  [Demo QA] testcase passed 
2020-03-29 13:45:18,194 INFO  [Demo QA] browser quit 
2020-03-29 13:46:42,236 INFO  [Demo QA] Browser opened 
2020-03-29 13:46:42,259 INFO  [Demo QA] in constructor 
2020-03-29 13:46:45,816 INFO  [Demo QA] testcase passed 
2020-03-29 13:46:46,871 INFO  [Demo QA] browser quit 
2020-03-29 15:06:14,245 INFO  [Demo QA] Browser opened 
2020-03-29 15:06:14,565 INFO  [Demo QA] in constructor 
2020-03-29 15:06:24,677 INFO  [Demo QA] testcase passed 
2020-03-29 15:06:26,219 INFO  [Demo QA] browser quit 
2020-03-29 15:38:28,592 INFO  [Demo QA] Browser opened 
2020-03-29 15:38:28,621 INFO  [Demo QA] in constructor 
2020-03-29 15:38:30,942 INFO  [Demo QA] testcase passed 
2020-03-29 15:38:37,824 INFO  [Demo QA] browser quit 
2020-03-29 15:39:25,811 INFO  [Demo QA] Browser opened 
2020-03-29 15:39:25,841 INFO  [Demo QA] in constructor 
2020-03-29 15:39:34,271 INFO  [Demo QA] testcase passed 
2020-03-29 15:39:35,577 INFO  [Demo QA] browser quit 
2020-03-29 15:39:55,875 INFO  [Demo QA] Browser opened 
2020-03-29 15:39:55,898 INFO  [Demo QA] in constructor 
2020-03-29 15:39:59,545 INFO  [Demo QA] testcase passed 
2020-03-29 15:40:01,063 INFO  [Demo QA] browser quit 
2020-03-29 15:40:49,350 INFO  [Demo QA] Browser opened 
2020-03-29 15:40:49,378 INFO  [Demo QA] in constructor 
2020-03-29 15:40:56,151 INFO  [Demo QA] testcase passed 
2020-03-29 15:40:57,535 INFO  [Demo QA] browser quit 
2020-03-29 15:41:55,989 INFO  [Demo QA] Browser opened 
2020-03-29 15:41:56,016 INFO  [Demo QA] in constructor 
2020-03-29 15:41:59,828 INFO  [Demo QA] testcase passed 
2020-03-29 15:42:00,990 INFO  [Demo QA] browser quit 
2020-03-29 15:50:17,600 INFO  [Demo QA] Browser opened 
2020-03-29 15:50:17,632 INFO  [Demo QA] in constructor 
2020-03-29 15:50:29,069 INFO  [Demo QA] testcase passed 
2020-03-29 15:50:30,355 INFO  [Demo QA] browser quit 
2020-03-29 15:52:46,294 INFO  [Demo QA] Browser opened 
2020-03-29 15:52:46,320 INFO  [Demo QA] in constructor 
2020-03-29 15:52:48,997 INFO  [Demo QA] testcase passed 
2020-03-29 15:52:55,735 INFO  [Demo QA] browser quit 
2020-03-29 15:55:34,998 INFO  [Demo QA] Browser opened 
2020-03-29 15:55:35,021 INFO  [Demo QA] in constructor 
2020-03-29 15:55:37,784 INFO  [Demo QA] testcase passed 
2020-03-29 15:55:38,906 INFO  [Demo QA] browser quit 
2020-03-29 16:04:28,310 INFO  [Demo QA] Browser opened 
2020-03-29 16:04:28,325 INFO  [Demo QA] in constructor 
2020-03-29 16:04:31,860 INFO  [Demo QA] testcase passed 
2020-03-29 16:04:33,028 INFO  [Demo QA] browser quit 
2020-03-29 16:54:25,366 INFO  [Demo QA] Browser opened 
2020-03-29 16:54:25,393 INFO  [Demo QA] in constructor 
2020-03-29 16:54:33,329 INFO  [Demo QA] testcase passed 
2020-03-29 16:54:35,668 INFO  [Demo QA] browser quit 
2020-03-29 16:56:20,282 INFO  [Demo QA] Browser opened 
2020-03-29 16:56:20,298 INFO  [Demo QA] in constructor 
2020-03-29 16:56:24,685 INFO  [Demo QA] testcase passed 
2020-03-29 16:56:25,711 INFO  [Demo QA] browser quit 
2020-03-29 17:03:23,354 INFO  [Demo QA] Browser opened 
2020-03-29 17:03:23,373 INFO  [Demo QA] in constructor 
2020-03-29 17:03:27,216 INFO  [Demo QA] testcase passed 
2020-03-29 17:03:29,098 INFO  [Demo QA] browser quit 
